start:Sun Aug 14 02:26:43 JST 2022
yanarhs_part1 altai
yanarhs_part1 chagyrskaya
yanarhs_part1 vindija
yanarhs_part1 denisova
yanarhs_part2 altai
yanarhs_part2 chagyrskaya
yanarhs_part2 vindija
yanarhs_part2 denisova
yanarhs_part3 altai
yanarhs_part3 chagyrskaya
yanarhs_part3 vindija
yanarhs_part3 denisova
yanarhs_part4 altai
yanarhs_part4 chagyrskaya
yanarhs_part4 vindija
yanarhs_part4 denisova
yana_j_part1 altai
yana_j_part1 chagyrskaya
yana_j_part1 vindija
yana_j_part1 denisova
yana_j_part2 altai
yana_j_part2 chagyrskaya
yana_j_part2 vindija
yana_j_part2 denisova
yana_j_part3 altai
yana_j_part3 chagyrskaya
yana_j_part3 vindija
yana_j_part3 denisova
yana_j_part4 altai
yana_j_part4 chagyrskaya
yana_j_part4 vindija
yana_j_part4 denisova
finish:Sun Aug 14 02:26:46 JST 2022
start:Sun Aug 14 03:08:42 JST 2022
yanarhs_part1 altai
yanarhs_part1 chagyrskaya
yanarhs_part1 vindija
yanarhs_part1 denisova
yanarhs_part2 altai
yanarhs_part2 chagyrskaya
yanarhs_part2 vindija
yanarhs_part2 denisova
yanarhs_part3 altai
yanarhs_part3 chagyrskaya
yanarhs_part3 vindija
yanarhs_part3 denisova
yanarhs_part4 altai
yanarhs_part4 chagyrskaya
yanarhs_part4 vindija
yanarhs_part4 denisova
yana_j_part1 altai
yana_j_part1 chagyrskaya
yana_j_part1 vindija
yana_j_part1 denisova
yana_j_part2 altai
yana_j_part2 chagyrskaya
yana_j_part2 vindija
yana_j_part2 denisova
yana_j_part3 altai
yana_j_part3 chagyrskaya
yana_j_part3 vindija
yana_j_part3 denisova
yana_j_part4 altai
yana_j_part4 chagyrskaya
yana_j_part4 vindija
yana_j_part4 denisova
finish:Sun Aug 14 03:08:45 JST 2022
