[1] "2022-08-08 15:25:58 JST"
[1] "yanarhs_f3_analysis4"
[1] "where fstats txt is"
[1] "G:\\hmiwa\\m_20211215\\07_yana_saami3\\git\\analysis_yanarhsf3\\localRfstats\\results\\yanarhs_f3_analysis4"
[1] "where picture will be saved"
[1] "G:\\hmiwa\\m_20211215\\07_yana_saami3\\git\\analysis_yanarhsf3\\localRfstats\\results\\picture\\yanarhs_f3_analysis4"
[1] "where .ind file is"
[1] "G:\\hmiwa\\m_20211215\\07_yana_saami3\\git\\analysis_yanarhsf3\\localRfstats\\sources\\yanarhs_f3_analysis4"
[1] "2022-08-08 15:26:04 JST"
[1] "yana_j_f3_analysis2"
[1] "where fstats txt is"
[1] "G:\\hmiwa\\m_20211215\\07_yana_saami3\\git\\analysis_yanarhsf3\\localRfstats\\results\\yana_j_f3_analysis2"
[1] "where picture will be saved"
[1] "G:\\hmiwa\\m_20211215\\07_yana_saami3\\git\\analysis_yanarhsf3\\localRfstats\\results\\picture\\yana_j_f3_analysis2"
[1] "where .ind file is"
[1] "G:\\hmiwa\\m_20211215\\07_yana_saami3\\git\\analysis_yanarhsf3\\localRfstats\\sources\\yana_j_f3_analysis2"
[1] "2022-08-08 15:26:09 JST"
[1] "yana_j_f3_analysis3"
[1] "where fstats txt is"
[1] "G:\\hmiwa\\m_20211215\\07_yana_saami3\\git\\analysis_yanarhsf3\\localRfstats\\results\\yana_j_f3_analysis3"
[1] "where picture will be saved"
[1] "G:\\hmiwa\\m_20211215\\07_yana_saami3\\git\\analysis_yanarhsf3\\localRfstats\\results\\picture\\yana_j_f3_analysis3"
[1] "where .ind file is"
[1] "G:\\hmiwa\\m_20211215\\07_yana_saami3\\git\\analysis_yanarhsf3\\localRfstats\\sources\\yana_j_f3_analysis3"
[1] "2022-08-08 15:50:05 JST"
[1] "yanarhs_f3_analysis4"
[1] "where fstats txt is"
[1] "G:\\hmiwa\\m_20211215\\07_yana_saami3\\git\\analysis_yanarhsf3\\localRfstats\\results\\yanarhs_f3_analysis4"
[1] "where picture will be saved"
[1] "G:\\hmiwa\\m_20211215\\07_yana_saami3\\git\\analysis_yanarhsf3\\localRfstats\\results\\picture\\yanarhs_f3_analysis4"
[1] "where .ind file is"
[1] "G:\\hmiwa\\m_20211215\\07_yana_saami3\\git\\analysis_yanarhsf3\\localRfstats\\sources\\yanarhs_f3_analysis4"
[1] "2022-08-08 15:50:10 JST"
[1] "yana_j_f3_analysis2"
[1] "where fstats txt is"
[1] "G:\\hmiwa\\m_20211215\\07_yana_saami3\\git\\analysis_yanarhsf3\\localRfstats\\results\\yana_j_f3_analysis2"
[1] "where picture will be saved"
[1] "G:\\hmiwa\\m_20211215\\07_yana_saami3\\git\\analysis_yanarhsf3\\localRfstats\\results\\picture\\yana_j_f3_analysis2"
[1] "where .ind file is"
[1] "G:\\hmiwa\\m_20211215\\07_yana_saami3\\git\\analysis_yanarhsf3\\localRfstats\\sources\\yana_j_f3_analysis2"
[1] "2022-08-08 15:50:14 JST"
[1] "yana_j_f3_analysis3"
[1] "where fstats txt is"
[1] "G:\\hmiwa\\m_20211215\\07_yana_saami3\\git\\analysis_yanarhsf3\\localRfstats\\results\\yana_j_f3_analysis3"
[1] "where picture will be saved"
[1] "G:\\hmiwa\\m_20211215\\07_yana_saami3\\git\\analysis_yanarhsf3\\localRfstats\\results\\picture\\yana_j_f3_analysis3"
[1] "where .ind file is"
[1] "G:\\hmiwa\\m_20211215\\07_yana_saami3\\git\\analysis_yanarhsf3\\localRfstats\\sources\\yana_j_f3_analysis3"
