start:Wed Aug 10 17:40:54 JST 2022
cut: invalid byte/character position ‘\r’
Try 'cut --help' for more information.
done
cut: invalid byte/character position ‘\r’
Try 'cut --help' for more information.
done
cut: invalid byte/character position ‘\r’
Try 'cut --help' for more information.
done
cut: invalid byte/character position ‘\r’
Try 'cut --help' for more information.
done
cut: invalid byte/character position ‘\r’
Try 'cut --help' for more information.
done
cut: invalid byte/character position ‘\r’
Try 'cut --help' for more information.
done
cut: invalid byte/character position ‘\r’
Try 'cut --help' for more information.
done
cut: invalid byte/character position ‘\r’
Try 'cut --help' for more information.
done
finish:Wed Aug 10 17:40:54 JST 2022
